<?xml version="1.0" encoding="UTF-8"?>
<!-- Generated by org.testng.reporters.JUnitReportReporter -->
<testsuite hostname="DESKTOP-VBE86CG" failures="0" tests="1" name="airline.Airline_Project.TC01" time="16.916" errors="0" timestamp="2024-07-25T16:34:56 IST" skipped="0">
  <testcase classname="airline.Airline_Project.TC01" name="registrationEasemytrip" time="16.916">
    <system-out>
      <![CDATA[test case passed]]>
    </system-out>
  </testcase> <!-- registrationEasemytrip -->
  <system-out>
    <![CDATA[test case passed]]>
  </system-out>
</testsuite> <!-- airline.Airline_Project.TC01 -->
