<?xml version="1.0" encoding="UTF-8"?>
<!-- Generated by org.testng.reporters.JUnitReportReporter -->
<testsuite hostname="DESKTOP-VBE86CG" failures="0" tests="1" name="airline.Airline_Project.TC02" time="9.710" errors="0" timestamp="2024-07-25T16:09:03 IST" skipped="0">
  <testcase classname="airline.Airline_Project.TC02" name="loginvalidcred" time="9.710">
    <system-out>
      <![CDATA[test case passed]]>
    </system-out>
  </testcase> <!-- loginvalidcred -->
  <system-out>
    <![CDATA[test case failed
test case passed
test case passed
test case passed
test case passed]]>
  </system-out>
</testsuite> <!-- airline.Airline_Project.TC02 -->
