<?xml version="1.0" encoding="UTF-8"?>
<!-- Generated by org.testng.reporters.JUnitReportReporter -->
<testsuite hostname="DESKTOP-VBE86CG" failures="0" tests="1" name="airline.Airline_Project.TC05" time="24.596" errors="0" timestamp="2024-07-25T16:09:03 IST" skipped="0">
  <testcase classname="airline.Airline_Project.TC05" name="roundtrip_flight" time="24.596">
    <system-out>
      <![CDATA[test case passed]]>
    </system-out>
  </testcase> <!-- roundtrip_flight -->
  <system-out>
    <![CDATA[test case failed
test case passed
test case passed
test case passed
test case passed]]>
  </system-out>
</testsuite> <!-- airline.Airline_Project.TC05 -->
