<?xml version="1.0" encoding="UTF-8"?>
<!-- Generated by org.testng.reporters.JUnitReportReporter -->
<testsuite hostname="DESKTOP-VBE86CG" failures="0" tests="1" name="airline.Airline_Project.TC03" time="4.950" errors="0" timestamp="2024-07-25T16:54:38 IST" skipped="0">
  <testcase classname="airline.Airline_Project.TC03" name="login_fail" time="4.950">
    <system-out>
      <![CDATA[test case passed]]>
    </system-out>
  </testcase> <!-- login_fail -->
  <system-out>
    <![CDATA[test case passed
test case passed
test case passed
test case passed
test case passed]]>
  </system-out>
</testsuite> <!-- airline.Airline_Project.TC03 -->
