<?xml version="1.0" encoding="UTF-8"?>
<!-- Generated by org.testng.reporters.JUnitReportReporter -->
<testsuite hostname="DESKTOP-VBE86CG" failures="0" tests="1" name="airline.Airline_Project.TC04" time="26.096" errors="0" timestamp="2024-07-25T16:54:38 IST" skipped="0">
  <testcase classname="airline.Airline_Project.TC04" name="oneway_flight" time="26.096">
    <system-out>
      <![CDATA[test case passed]]>
    </system-out>
  </testcase> <!-- oneway_flight -->
  <system-out>
    <![CDATA[test case passed
test case passed
test case passed
test case passed
test case passed]]>
  </system-out>
</testsuite> <!-- airline.Airline_Project.TC04 -->
